app/build/intermediates/manifest_merge_blame_file/debug/manifest-merger-blame-debug-report.txt
1<?xml version="1.0" encoding="utf-8"?>
2<manifest xmlns:android="http://schemas.android.com/apk/res/android"
3    package="com.example.songrecommender"
4    android:versionCode="1"
5    android:versionName="1.0" >
6
7    <uses-sdk
8        android:minSdkVersion="21"
8-->src/main/AndroidManifest.xml
9        android:targetSdkVersion="28" />
9-->src/main/AndroidManifest.xml
10
11    <uses-permission android:name="android.permission.VIBRATE" />
11-->src/main/AndroidManifest.xml:5:5-66
11-->src/main/AndroidManifest.xml:5:22-63
12    <uses-permission android:name="android.permission.INTERNET" />
12-->[:spotify-auth-release-1.2.3] AndroidManifest.xml:31:5-67
12-->[:spotify-auth-release-1.2.3] AndroidManifest.xml:31:22-64
13
14    <application
14-->src/main/AndroidManifest.xml:6:5-26:19
15        android:name="androidx.multidex.MultiDexApplication"
15-->src/main/AndroidManifest.xml:7:9-61
16        android:allowBackup="true"
16-->src/main/AndroidManifest.xml:8:9-35
17        android:appComponentFactory="androidx.core.app.CoreComponentFactory"
17-->[androidx.core:core:1.2.0] AndroidManifest.xml:24:18-86
18        android:debuggable="true"
19        android:icon="@mipmap/ic_launcher"
19-->src/main/AndroidManifest.xml:9:9-43
20        android:label="@string/app_name"
20-->src/main/AndroidManifest.xml:10:9-41
21        android:roundIcon="@mipmap/ic_launcher_round"
21-->src/main/AndroidManifest.xml:11:9-54
22        android:supportsRtl="true"
22-->src/main/AndroidManifest.xml:12:9-35
23        android:testOnly="true"
24        android:theme="@style/AppTheme" >
24-->src/main/AndroidManifest.xml:13:9-40
25        <activity android:name="com.example.songrecommender.InstallSpotifyActivity" />
25-->src/main/AndroidManifest.xml:14:9-69
25-->src/main/AndroidManifest.xml:14:19-57
26        <activity android:name="com.example.songrecommender.QueueActivity" />
26-->src/main/AndroidManifest.xml:15:9-51
26-->src/main/AndroidManifest.xml:15:19-48
27        <activity
27-->src/main/AndroidManifest.xml:16:9-18:58
28            android:name="com.example.songrecommender.PlayerActivity"
28-->src/main/AndroidManifest.xml:17:13-43
29            android:parentActivityName="com.example.songrecommender.MainActivity" />
29-->src/main/AndroidManifest.xml:18:13-55
30        <activity android:name="com.example.songrecommender.MainActivity" >
30-->src/main/AndroidManifest.xml:19:9-25:20
30-->src/main/AndroidManifest.xml:19:19-47
31            <intent-filter>
31-->src/main/AndroidManifest.xml:20:13-24:29
32                <action android:name="android.intent.action.MAIN" />
32-->src/main/AndroidManifest.xml:21:17-69
32-->src/main/AndroidManifest.xml:21:25-66
33
34                <category android:name="android.intent.category.LAUNCHER" />
34-->src/main/AndroidManifest.xml:23:17-77
34-->src/main/AndroidManifest.xml:23:27-74
35            </intent-filter>
36        </activity>
37        <activity
37-->[:spotify-auth-release-1.2.3] AndroidManifest.xml:34:9-37:20
38            android:name="com.spotify.sdk.android.auth.LoginActivity"
38-->[:spotify-auth-release-1.2.3] AndroidManifest.xml:35:13-70
39            android:theme="@android:style/Theme.Translucent.NoTitleBar" >
39-->[:spotify-auth-release-1.2.3] AndroidManifest.xml:36:13-72
40        </activity>
41    </application>
42
43</manifest>